[2025-03-26T10:58:32.618] [DEBUG] debug-file - env: nodejsVersion=v18.20.1
[2025-03-26T10:58:32.860] [DEBUG] debug-file - Hvigor init with startParameters:{
  hvigorfileTypeCheck: false,
  parallelExecution: true,
  incrementalExecution: true,
  printStackTrace: false,
  daemon: false,
  analyze: 0,
  logLevel: Level { level: 20000, levelStr: 'INFO', colour: 'green' }
}
[2025-03-26T10:58:32.868] [DEBUG] debug-file - hvigorfile, resolving /Users/zongheng/Downloads/HMStudy/StudyCollection/hvigorfile.ts
[2025-03-26T10:58:33.498] [DEBUG] debug-file - hvigorfile, require result:  { default: { system: [Function: appTasks], plugins: [] } }
[2025-03-26T10:58:33.613] [DEBUG] debug-file - Product 'default' using build option: {
  "debuggable": true,
  "strictMode": {
    "caseSensitiveCheck": true,
    "useNormalizedOHMUrl": true
  }
} in this build.
[2025-03-26T10:58:33.611] [DEBUG] debug-file - Start initialize project's product build option map with build mode debug.
[2025-03-26T10:58:33.623] [DEBUG] debug-file - Local scan or download hmscore sdk components toolchains,ets,native
[2025-03-26T10:58:33.620] [DEBUG] debug-file - Local scan or download HarmonyOS sdk components toolchains,ets,js,native,previewer
[2025-03-26T10:58:33.626] [DEBUG] debug-file - Start recording SDK configuration permission data.
[2025-03-26T10:58:33.647] [DEBUG] debug-file - Sdk init in 29 ms 
[2025-03-26T10:58:33.660] [DEBUG] debug-file - Project task initialization takes 12 ms 
[2025-03-26T10:58:33.664] [DEBUG] debug-file - hvigorfile, resolving /Users/zongheng/Downloads/HMStudy/StudyCollection/Study/hvigorfile.ts
[2025-03-26T10:58:33.674] [DEBUG] debug-file - Start initialize module-target build option map, moduleName=Study, buildMode=debug
[2025-03-26T10:58:33.678] [DEBUG] debug-file - Module Study task initialization takes 3 ms 
[2025-03-26T10:58:33.680] [DEBUG] debug-file - project has submodules:Study
[2025-03-26T10:58:33.690] [DEBUG] debug-file - Configuration task cost before running: 838 ms 
[2025-03-26T10:58:33.692] [DEBUG] debug-file - Executing task :Study:clean
[2025-03-26T10:58:33.693] [DEBUG] debug-file - Study : clean cost memory 0.22116851806640625
[2025-03-26T10:58:33.699] [DEBUG] debug-file - Module 'Study' target 'default' using build option: {
  "debuggable": true,
  "copyFrom": "default",
  "strictMode": {
    "caseSensitiveCheck": true,
    "useNormalizedOHMUrl": true
  },
  "name": "debug"
} in this build.
[2025-03-26T10:58:32.619] [DEBUG] debug-file - env: hvigor-config.json5 content = {
  modelVersion: '5.0.0',
  dependencies: {},
  execution: {},
  logging: {},
  debugging: {},
  nodeOptions: {}
}
[2025-03-26T10:58:32.861] [DEBUG] debug-file - Since current hvigor version 5.8.9 differs from last hvigor version 
      undefined, delete file-cache.json and task-cache.json.
[2025-03-26T10:58:33.499] [DEBUG] debug-file - hvigorfile, binding system plugins [Function: appTasks]
[2025-03-26T10:58:33.618] [DEBUG] debug-file - No signingConfig found, initRemoteHspCache failed.
[2025-03-26T10:58:33.611] [DEBUG] debug-file - Picking option from product 'default' with build mode 'debug'.
[2025-03-26T10:58:33.660] [DEBUG] debug-file - hvigorfile, binding custom plugins []
[2025-03-26T10:58:33.667] [DEBUG] debug-file - hvigorfile, require result:  { default: { system: [Function: hapTasks], plugins: [] } }
[2025-03-26T10:58:33.675] [DEBUG] debug-file - Target 'default' config: {}
[2025-03-26T10:58:33.681] [DEBUG] debug-file - start to load updatedOhPackageInfo to the disk
[2025-03-26T10:58:33.678] [DEBUG] debug-file - hvigorfile, binding custom plugins []
[2025-03-26T10:58:33.692] [DEBUG] debug-file - clean: Worker pool is inactive.
[2025-03-26T10:58:33.693] [DEBUG] debug-file - runTaskFromQueue task cost before running: 841 ms 
[2025-03-26T10:58:33.701] [DEBUG] debug-file - Module 'Study' target 'ohosTest' using build option: {
  "debuggable": true,
  "strictMode": {
    "caseSensitiveCheck": true,
    "useNormalizedOHMUrl": true
  },
  "name": "default"
} in this build.
[2025-03-26T10:58:33.713] [DEBUG] debug-file - Create  resident worker with id: 0.
[2025-03-26T10:58:32.621] [DEBUG] debug-file - env: daemon=false
[2025-03-26T10:58:32.861] [DEBUG] debug-file - Cache service initialization finished in 1 ms 
[2025-03-26T10:58:33.611] [DEBUG] debug-file - Product 'default' build option: {}
[2025-03-26T10:58:33.660] [DEBUG] debug-file - hvigorfile, no custom plugins were found in /Users/zongheng/Downloads/HMStudy/StudyCollection/hvigorfile.ts
[2025-03-26T10:58:33.667] [DEBUG] debug-file - hvigorfile, binding system plugins [Function: hapTasks]
[2025-03-26T10:58:33.675] [DEBUG] debug-file - Target 'ohosTest' config: {}
[2025-03-26T10:58:33.683] [DEBUG] debug-file - load to the disk finished
[2025-03-26T10:58:33.679] [DEBUG] debug-file - hvigorfile, no custom plugins were found in /Users/zongheng/Downloads/HMStudy/StudyCollection/Study/hvigorfile.ts
[2025-03-26T10:58:33.694] [INFO] debug-file - Finished :Study:clean... after 2 ms 
[2025-03-26T10:58:33.703] [DEBUG] debug-file - hvigor start cli arguments:{
  prop: [ 'product=default' ],
  sync: true,
  parallel: true,
  incremental: true,
  daemon: false,
  _: [],
  analyze: 'normal'
}
[2025-03-26T10:58:33.714] [DEBUG] debug-file - Create  resident worker with id: 1.
[2025-03-26T10:58:32.621] [DEBUG] debug-file - no-daemon, use the parent process.execArgv --max-old-space-size=8192,--expose-gc
[2025-03-26T10:58:33.611] [DEBUG] debug-file - End initialize project's product build option map with build mode 'debug'.
[2025-03-26T10:58:33.660] [DEBUG] debug-file - hvigorfile, resolve finished /Users/zongheng/Downloads/HMStudy/StudyCollection/hvigorfile.ts
[2025-03-26T10:58:33.675] [DEBUG] debug-file - Module 'Study' target 'default' build option: {
  "debuggable": true,
  "copyFrom": "default",
  "strictMode": {
    "caseSensitiveCheck": true,
    "useNormalizedOHMUrl": true
  },
  "name": "debug"
}
[2025-03-26T10:58:33.686] [DEBUG] debug-file - Module StudyCollection Collected Dependency: 
[2025-03-26T10:58:33.715] [DEBUG] debug-file - Current worker pool is stopped or closed.
[2025-03-26T10:58:33.679] [DEBUG] debug-file - hvigorfile, resolve finished /Users/zongheng/Downloads/HMStudy/StudyCollection/Study/hvigorfile.ts
[2025-03-26T10:58:33.711] [DEBUG] debug-file - Since there is no instance or instance is terminated, create a new worker pool.
[2025-03-26T10:58:33.694] [DEBUG] debug-file - Executing task ::clean
[2025-03-26T10:58:33.675] [DEBUG] debug-file - Module 'Study' target 'ohosTest' build option: {
  "debuggable": true,
  "strictMode": {
    "caseSensitiveCheck": true,
    "useNormalizedOHMUrl": true
  },
  "name": "default"
}
[2025-03-26T10:58:33.715] [DEBUG] debug-file - Clear worker 0.
[2025-03-26T10:58:33.686] [DEBUG] debug-file - Module StudyCollection's total dependency: 0
[2025-03-26T10:58:33.711] [DEBUG] debug-file - Worker pool is initialized with config:  {
  minPoolNum: 2,
  maxPoolNum: undefined,
  maxCoreSize: undefined,
  cacheCapacity: undefined,
  cacheTtl: undefined
}
[2025-03-26T10:58:33.675] [DEBUG] debug-file - End initialize module-target build option map, moduleName=Study
[2025-03-26T10:58:33.694] [DEBUG] debug-file - clean: Worker pool is inactive.
[2025-03-26T10:58:33.715] [DEBUG] debug-file - Worker 0 has been cleared.
[2025-03-26T10:58:33.687] [DEBUG] debug-file - Module Study Collected Dependency: 
[2025-03-26T10:58:33.675] [DEBUG] debug-file - Module 'Study' target 'default' using build option: {
  "debuggable": true,
  "copyFrom": "default",
  "strictMode": {
    "caseSensitiveCheck": true,
    "useNormalizedOHMUrl": true
  },
  "name": "debug"
} in this build.
[2025-03-26T10:58:33.715] [DEBUG] debug-file - Current idle worker size: 1.
[2025-03-26T10:58:33.694] [DEBUG] debug-file - StudyCollection : clean cost memory 0.027679443359375
[2025-03-26T10:58:33.687] [DEBUG] debug-file - Module Study's total dependency: 0
[2025-03-26T10:58:33.715] [DEBUG] debug-file - Current busy worker size: 0.
[2025-03-26T10:58:33.694] [DEBUG] debug-file - runTaskFromQueue task cost before running: 842 ms 
[2025-03-26T10:58:33.715] [DEBUG] debug-file - Clear worker 1.
[2025-03-26T10:58:33.694] [INFO] debug-file - Finished ::clean... after 1 ms 
[2025-03-26T10:58:33.689] [DEBUG] debug-file - Configuration phase cost:825 ms 
[2025-03-26T10:58:33.715] [DEBUG] debug-file - Worker 1 has been cleared.
[2025-03-26T10:58:33.694] [DEBUG] debug-file - Executing task :Study:init
[2025-03-26T10:58:33.715] [DEBUG] debug-file - Current idle worker size: 0.
[2025-03-26T10:58:33.694] [DEBUG] debug-file - Study : init cost memory 0.0101318359375
[2025-03-26T10:58:33.715] [DEBUG] debug-file - Current busy worker size: 0.
[2025-03-26T10:58:33.694] [DEBUG] debug-file - runTaskFromQueue task cost before running: 842 ms 
[2025-03-26T10:58:33.715] [DEBUG] debug-file - hvigor build process will be closed.
[2025-03-26T10:58:33.694] [INFO] debug-file - Finished :Study:init... after 1 ms 
[2025-03-26T10:58:33.719] [DEBUG] debug-file - worker[0] exits with exit code 0.
[2025-03-26T10:58:33.695] [DEBUG] debug-file - Executing task ::init
[2025-03-26T10:58:33.719] [DEBUG] debug-file - worker[1] exits with exit code 0.
[2025-03-26T10:58:33.695] [DEBUG] debug-file - StudyCollection : init cost memory 0.00893402099609375
[2025-03-26T10:58:33.720] [DEBUG] debug-file - Current worker pool is terminated.
[2025-03-26T10:58:33.695] [DEBUG] debug-file - runTaskFromQueue task cost before running: 842 ms 
[2025-03-26T10:58:33.695] [INFO] debug-file - Finished ::init... after 1 ms 
